<?xml version="1.0" encoding="UTF-8" standalone="no"?>
<persistence xmlns="http://java.sun.com/xml/ns/persistence"
             version="2.0">
    <persistence-unit name="cuba-component-loggable"
                      transaction-type="RESOURCE_LOCAL">
        <class>de.diedavids.cuba.loggable.entity.sample.SampleEntity</class>
    </persistence-unit>
</persistence>
